<?xml version="1.0" encoding="UTF-8"?>
<testsuite xmlns:xsi="http://www.w3.org/2001/XMLSchema-instance" xsi:noNamespaceSchemaLocation="https://maven.apache.org/surefire/maven-surefire-plugin/xsd/surefire-test-report.xsd" name="TestSuite" time="22.659" tests="3" errors="0" skipped="0" failures="1">
  <properties>
[...]
</properties>
  <testcase name="ClickOnViewAccountDetailsTest" classname="Tests.HomePageTest" time="0.671">
    <failure message="Unable to locate element: #id\=ember1257&#10;For documentation on this error, please visit: http://seleniumhq.org/exceptions/no_such_element.html&#10;Build info: version: &apos;3.14.0&apos;, revision: &apos;aacccce0&apos;, time: &apos;2018-08-02T20:19:58.91Z&apos;&#10;System info: host: &apos;DESKTOP-UBK0CNB&apos;, ip: &apos;192.168.2.106&apos;, os.name: &apos;Windows 10&apos;, os.arch: &apos;amd64&apos;, os.version: &apos;10.0&apos;, java.version: &apos;14.0.2&apos;&#10;Driver info: org.openqa.selenium.firefox.FirefoxDriver&#10;Capabilities {acceptInsecureCerts: true, browserName: firefox, browserVersion: 99.0.1, javascriptEnabled: true, moz:accessibilityChecks: false, moz:buildID: 20220411174855, moz:geckodriverVersion: 0.30.0, moz:headless: false, moz:processID: 18780, moz:profile: C:\Users\Tejas\AppData\Loca..., moz:shutdownTimeout: 60000, moz:useNonSpecCompliantPointerOrigin: false, moz:webdriverClick: true, pageLoadStrategy: normal, platform: WINDOWS, platformName: WINDOWS, platformVersion: 10.0, proxy: Proxy(), setWindowRect: true, strictFileInteractability: false, timeouts: {implicit: 0, pageLoad: 300000, script: 30000}, unhandledPromptBehavior: dismiss and notify}&#10;Session ID: ae7ad530-1340-4c44-93f0-d4c09d10a2c9&#10;*** Element info: {Using=id, value=id=ember1257}" type="org.openqa.selenium.NoSuchElementException">org.openqa.selenium.NoSuchElementException: 
Unable to locate element: #id\=ember1257
For documentation on this error, please visit: http://seleniumhq.org/exceptions/no_such_element.html
Build info: version: '3.14.0', revision: 'aacccce0', time: '2018-08-02T20:19:58.91Z'
System info: host: 'DESKTOP-UBK0CNB', ip: '192.168.2.106', os.name: 'Windows 10', os.arch: 'amd64', os.version: '10.0', java.version: '14.0.2'
Driver info: org.openqa.selenium.firefox.FirefoxDriver
Capabilities {acceptInsecureCerts: true, browserName: firefox, browserVersion: 99.0.1, javascriptEnabled: true, moz:accessibilityChecks: false, moz:buildID: 20220411174855, moz:geckodriverVersion: 0.30.0, moz:headless: false, moz:processID: 18780, moz:profile: C:\Users\Tejas\AppData\Loca..., moz:shutdownTimeout: 60000, moz:useNonSpecCompliantPointerOrigin: false, moz:webdriverClick: true, pageLoadStrategy: normal, platform: WINDOWS, platformName: WINDOWS, platformVersion: 10.0, proxy: Proxy(), setWindowRect: true, strictFileInteractability: false, timeouts: {implicit: 0, pageLoad: 300000, script: 30000}, unhandledPromptBehavior: dismiss and notify}
Session ID: ae7ad530-1340-4c44-93f0-d4c09d10a2c9
*** Element info: {Using=id, value=id=ember1257}
	at Tests.HomePageTest.ClickOnViewAccountDetailsTest(HomePageTest.java:40)
</failure>
    <system-out><![CDATA[Before navigating to: 'https://www.cibc.com/en/personal-banking.html'
Navigated to:'https://www.cibc.com/en/personal-banking.html'
Trying to find Element By : By.id: card-number-1b4721de
Found Element By : By.id: card-number-1b4721de
Trying to find Element By : By.id: password-1b4721de
Found Element By : By.id: password-1b4721de
Trying to find Element By : By.id: button-1520360371595
Found Element By : By.id: button-1520360371595
Trying to click on: [[FirefoxDriver: firefox on WINDOWS (ae7ad530-1340-4c44-93f0-d4c09d10a2c9)] -> id: button-1520360371595]
Clicked on: [[FirefoxDriver: firefox on WINDOWS (ae7ad530-1340-4c44-93f0-d4c09d10a2c9)] -> id: button-1520360371595]
Trying to find Element By : By.id: id=ember1257
Exception occured: org.openqa.selenium.NoSuchElementException: Unable to locate element: #id\=ember1257
For documentation on this error, please visit: http://seleniumhq.org/exceptions/no_such_element.html
Build info: version: '3.14.0', revision: 'aacccce0', time: '2018-08-02T20:19:58.91Z'
System info: host: 'DESKTOP-UBK0CNB', ip: '192.168.2.106', os.name: 'Windows 10', os.arch: 'amd64', os.version: '10.0', java.version: '14.0.2'
Driver info: org.openqa.selenium.firefox.FirefoxDriver
Capabilities {acceptInsecureCerts: true, browserName: firefox, browserVersion: 99.0.1, javascriptEnabled: true, moz:accessibilityChecks: false, moz:buildID: 20220411174855, moz:geckodriverVersion: 0.30.0, moz:headless: false, moz:processID: 18780, moz:profile: C:\Users\Tejas\AppData\Loca..., moz:shutdownTimeout: 60000, moz:useNonSpecCompliantPointerOrigin: false, moz:webdriverClick: true, pageLoadStrategy: normal, platform: WINDOWS, platformName: WINDOWS, platformVersion: 10.0, proxy: Proxy(), setWindowRect: true, strictFileInteractability: false, timeouts: {implicit: 0, pageLoad: 300000, script: 30000}, unhandledPromptBehavior: dismiss and notify}
Session ID: ae7ad530-1340-4c44-93f0-d4c09d10a2c9
*** Element info: {Using=id, value=id=ember1257}
]]></system-out>
    <system-err><![CDATA[1653610098819	geckodriver	INFO	Listening on 127.0.0.1:7379
1653610099505	mozrunner::runner	INFO	Running command: "C:\\Program Files\\Mozilla Firefox\\firefox.exe" "--marionette" "-no-remote" "-profile" "C:\\Users\\Tejas\\AppData\\Local\\Temp\\rust_mozprofileFDyv2F"
1653610099802	Marionette	INFO	Marionette enabled
console.warn: SearchSettings: "get: No settings file exists, new profile?" (new NotFoundError("Could not open the file at C:\\Users\\Tejas\\AppData\\Local\\Temp\\rust_mozprofileFDyv2F\\search.json.mozlz4", (void 0)))
1653610101503	Marionette	INFO	Listening on port 55408
1653610101539	RemoteAgent	WARN	TLS certificate errors will be ignored for this session
May 26, 2022 8:08:21 PM org.openqa.selenium.remote.ProtocolHandshake createSession
INFO: Detected dialect: W3C
JavaScript warning: https://assets.adobedtm.com/launch-EN4ee0f21fd6d24cb7914659ea47624000.min.js, line 8: WEBGL_debug_renderer_info is deprecated in Firefox and will be removed. Please use RENDERER.
console.warn: LoginRecipes: "getRecipes: falling back to a synchronous message for:" "https://www.cibc.com"
JavaScript warning: https://w-profiling.cibc.com/nqSaxUWRCqLVIfnI?7c8b90dad905068d=-h8ASX5StI6yinWBzpl196DgEtoeHlN5JXAur38bCHl6RYMCeNt3bHc56nW8YSgPW7yOmXteN_HmHMlaJxik-1w0_3LFXWHmtjEkR-eToYVztWd5gr6HM0qNZ-W9WWji1NL1GDzNb3C2JhQ957s6V3UpncEYS2KYJR3n4h_CrhSJQ_Mg6p7kehcznnodpnR9esvCFx5j2im709gb&jb=3e30262468736f7735556b6e6667777b246a7b673d576166646f77712d30323338266a716a753d446b726564677a246a716a3d4e6b726d6e6f782d3a303939, line 786: WEBGL_debug_renderer_info is deprecated in Firefox and will be removed. Please use RENDERER.
1653610104923	Marionette	WARN	Ignoring event 'pageshow' because document has an invalid readyState of 'uninitialized'.
]]></system-err>
  </testcase>
  <testcase name="VerifyHomePageTitleTest" classname="Tests.LoginPageTest" time="0.005"/>
  <testcase name="SignInButtonClickTest" classname="Tests.LoginPageTest" time="1.668"/>
</testsuite>